/favicon.ico.GET took 176ms. User: unknown
/fork.GET took 3ms. User: unknown
/Login.POST took 57ms. User: unknown
/login.html.GET took 29ms. User: unknown
/Login.POST took 2ms. User: unknown
/favicon.ico.GET took 0ms. User: unknown
/Login.POST took 398ms. User: unknown
/index.html.GET took 38ms. User: unknown
/MyTask.GET took 230ms. User: zn
/MyTask.GET took 4ms. User: zn
/MyTask.POST took 143ms. User: zn
/MyTask.GET took 1ms. User: zn
/MyTask/36.PUT took 66ms. User: zn
/MyTask.GET took 1ms. User: zn
/users.html.GET took 12ms. User: unknown
/js/users.js.GET took 16ms. User: unknown
/User.GET took 9ms. User: zn
/users.html.GET took 2ms. User: unknown
/js/users.js.GET took 2ms. User: unknown
/css/site.css.GET took 164ms. User: unknown
/User.GET took 17ms. User: unknown
/users.html.GET took 2ms. User: unknown
/css/site.css.GET took 1ms. User: unknown
/js/users.js.GET took 4ms. User: unknown
/User.GET took 0ms. User: unknown
/users.html.GET took 2ms. User: unknown
/css/site.css.GET took 3ms. User: unknown
/js/users.js.GET took 3ms. User: unknown
/User.GET took 0ms. User: unknown
/users.html.GET took 2ms. User: unknown
/css/site.css.GET took 3ms. User: unknown
/js/users.js.GET took 1ms. User: unknown
/User.GET took 0ms. User: unknown
/users.html.GET took 1ms. User: unknown
/js/users.js.GET took 2ms. User: unknown
/css/site.css.GET took 2ms. User: unknown
/User.GET took 0ms. User: unknown
/users.html.GET took 1ms. User: unknown
/css/site.css.GET took 3ms. User: unknown
/js/users.js.GET took 2ms. User: unknown
/User.GET took 0ms. User: unknown
/index.html.GET took 17ms. User: unknown
/css/site.css.GET took 1ms. User: unknown
/js/site.js.GET took 18ms. User: unknown
/login.html.GET took 16ms. User: unknown
/css/site.css.GET took 2ms. User: unknown
/js/login.js.GET took 15ms. User: unknown
/Login.POST took 0ms. User: unknown
/index.html.GET took 1ms. User: unknown
/css/site.css.GET took 1ms. User: unknown
/js/site.js.GET took 2ms. User: unknown
/MyTask.GET took 0ms. User: chaim choen
/MyTask.GET took 0ms. User: chaim choen
/MyTask.POST took 51ms. User: chaim choen
/MyTask.GET took 1ms. User: chaim choen
/users.html.GET took 1ms. User: unknown
/css/site.css.GET took 2ms. User: unknown
/js/users.js.GET took 10ms. User: unknown
/User.GET took 3ms. User: chaim choen
